<?xml version="1.0" encoding="UTF-8"?>
<testsuite name="com.samsung.sds.brightics.common.core.test.ExceptionTest" time="0.037" tests="5" errors="0" skipped="0" failures="0">
  <properties>
[...]
</properties>
  <testcase name="messageTestAddParam" classname="com.samsung.sds.brightics.common.core.test.ExceptionTest" time="0.032"/>
  <testcase name="stackTraceTest" classname="com.samsung.sds.brightics.common.core.test.ExceptionTest" time="0.005"/>
  <testcase name="messageTest" classname="com.samsung.sds.brightics.common.core.test.ExceptionTest" time="0"/>
  <testcase name="messageTestAddDetail" classname="com.samsung.sds.brightics.common.core.test.ExceptionTest" time="0"/>
  <testcase name="messageAndstackTraceTestAddDetail" classname="com.samsung.sds.brightics.common.core.test.ExceptionTest" time="0"/>
</testsuite>