-------------------------------------------------------------------------------
Test set: com.samsung.sds.brightics.common.variable.VariableContextTest
-------------------------------------------------------------------------------
Tests run: 1, Failures: 0, Errors: 1, Skipped: 0, Time elapsed: 0.413 sec <<< FAILURE! - in com.samsung.sds.brightics.common.variable.VariableContextTest
testImportLib(com.samsung.sds.brightics.common.variable.VariableContextTest)  Time elapsed: 0.413 sec  <<< ERROR!
org.mozilla.javascript.EcmaError: ReferenceError: "test" is not defined. (unnamed script#1)
	at org.mozilla.javascript.ScriptRuntime.constructError(ScriptRuntime.java:3951)
	at org.mozilla.javascript.ScriptRuntime.constructError(ScriptRuntime.java:3929)
	at org.mozilla.javascript.ScriptRuntime.notFoundError(ScriptRuntime.java:4019)
	at org.mozilla.javascript.ScriptRuntime.nameOrFunction(ScriptRuntime.java:1917)
	at org.mozilla.javascript.ScriptRuntime.name(ScriptRuntime.java:1856)
	at org.mozilla.javascript.gen.unnamed_script_14._c_script_0(unnamed script:1)
	at org.mozilla.javascript.gen.unnamed_script_14.call(unnamed script)
	at org.mozilla.javascript.ContextFactory.doTopCall(ContextFactory.java:393)
	at org.mozilla.javascript.ScriptRuntime.doTopCall(ScriptRuntime.java:3282)
	at org.mozilla.javascript.gen.unnamed_script_14.call(unnamed script)
	at org.mozilla.javascript.gen.unnamed_script_14.exec(unnamed script)
	at org.mozilla.javascript.Context.evaluateString(Context.java:1219)
	at com.samsung.sds.brightics.common.variable.scope.VariableScope.evaluate(VariableScope.java:69)
	at com.samsung.sds.brightics.common.variable.context.VariableContext.evaluate(VariableContext.java:148)
	at com.samsung.sds.brightics.common.variable.context.VariableContext.getValue(VariableContext.java:132)
	at com.samsung.sds.brightics.common.variable.VariableContextTest.testImportLib(VariableContextTest.java:45)

