<?xml version="1.0" encoding="UTF-8"?>
<testsuite name="com.samsung.sds.brightics.common.variable.VariableContextTest" time="0.413" tests="1" errors="1" skipped="0" failures="0">
  <properties>
[...]
</properties>
  <testcase name="testImportLib" classname="com.samsung.sds.brightics.common.variable.VariableContextTest" time="0.413">
    <error message="ReferenceError: &quot;test&quot; is not defined. (unnamed script#1)" type="org.mozilla.javascript.EcmaError">org.mozilla.javascript.EcmaError: ReferenceError: "test" is not defined. (unnamed script#1)
	at org.mozilla.javascript.ScriptRuntime.constructError(ScriptRuntime.java:3951)
	at org.mozilla.javascript.ScriptRuntime.constructError(ScriptRuntime.java:3929)
	at org.mozilla.javascript.ScriptRuntime.notFoundError(ScriptRuntime.java:4019)
	at org.mozilla.javascript.ScriptRuntime.nameOrFunction(ScriptRuntime.java:1917)
	at org.mozilla.javascript.ScriptRuntime.name(ScriptRuntime.java:1856)
	at org.mozilla.javascript.gen.unnamed_script_14._c_script_0(unnamed script:1)
	at org.mozilla.javascript.gen.unnamed_script_14.call(unnamed script)
	at org.mozilla.javascript.ContextFactory.doTopCall(ContextFactory.java:393)
	at org.mozilla.javascript.ScriptRuntime.doTopCall(ScriptRuntime.java:3282)
	at org.mozilla.javascript.gen.unnamed_script_14.call(unnamed script)
	at org.mozilla.javascript.gen.unnamed_script_14.exec(unnamed script)
	at org.mozilla.javascript.Context.evaluateString(Context.java:1219)
	at com.samsung.sds.brightics.common.variable.scope.VariableScope.evaluate(VariableScope.java:69)
	at com.samsung.sds.brightics.common.variable.context.VariableContext.evaluate(VariableContext.java:148)
	at com.samsung.sds.brightics.common.variable.context.VariableContext.getValue(VariableContext.java:132)
	at com.samsung.sds.brightics.common.variable.VariableContextTest.testImportLib(VariableContextTest.java:45)
</error>
    <system-err><![CDATA[4월 20, 2018 1:50:48 오후 com.samsung.sds.brightics.common.variable.scope.VariableScope backup
경고: VariableScope [main] fails to backup. Backup function will be disabled and storage will be closed.
4월 20, 2018 1:50:48 오후 com.samsung.sds.brightics.common.variable.scope.VariableScope backup
경고: VariableScope [main2] fails to backup. Backup function will be disabled and storage will be closed.
]]></system-err>
  </testcase>
</testsuite>